0 info it worked if it ends with ok
1 verbose cli [ 'node', '/usr/local/bin/npm', 'install', '-g', 'meteorite' ]
2 info using npm@2.5.1
3 info using node@v0.12.0
4 silly cache add args [ 'meteorite', null ]
5 verbose cache add spec meteorite
6 silly cache add parsed spec { raw: 'meteorite',
6 silly cache add   scope: null,
6 silly cache add   name: 'meteorite',
6 silly cache add   rawSpec: '',
6 silly cache add   spec: '*',
6 silly cache add   type: 'range' }
7 verbose addNamed meteorite@*
8 silly addNamed semver.valid null
9 silly addNamed semver.validRange *
10 silly addNameRange { name: 'meteorite', range: '*', hasData: false }
11 silly mapToRegistry name meteorite
12 silly mapToRegistry using default registry
13 silly mapToRegistry registry https://registry.npmjs.org/
14 silly mapToRegistry uri https://registry.npmjs.org/meteorite
15 verbose addNameRange registry:https://registry.npmjs.org/meteorite not in flight; fetching
16 verbose request uri https://registry.npmjs.org/meteorite
17 verbose request no auth needed
18 info attempt registry request try #1 at 10:49:25 AM
19 verbose request id 77fc80fb6d9413cd
20 http request GET https://registry.npmjs.org/meteorite
21 http 200 https://registry.npmjs.org/meteorite
22 silly get cb [ 200,
22 silly get   { server: 'CouchDB/1.5.0 (Erlang OTP/R16B03)',
22 silly get     etag: '"D5T967RGDDA3DTVTBQ78I6P3U"',
22 silly get     'content-type': 'application/json',
22 silly get     'cache-control': 'max-age=60',
22 silly get     'content-length': '92244',
22 silly get     'accept-ranges': 'bytes',
22 silly get     date: 'Fri, 01 May 2015 14:49:26 GMT',
22 silly get     via: '1.1 varnish',
22 silly get     age: '0',
22 silly get     connection: 'keep-alive',
22 silly get     'x-served-by': 'cache-atl6226-ATL',
22 silly get     'x-cache': 'MISS',
22 silly get     'x-cache-hits': '0',
22 silly get     'x-timer': 'S1430491766.397724,VS0,VE40',
22 silly get     vary: 'Accept' } ]
23 verbose get saving meteorite to /Users/maryruthngo/.npm/registry.npmjs.org/meteorite/.cache.json
24 verbose getCacheStat cache creation not in flight; initializing
25 silly addNameRange number 2 { name: 'meteorite', range: '*', hasData: true }
26 silly addNameRange versions [ 'meteorite',
26 silly addNameRange   [ '0.0.1',
26 silly addNameRange     '0.0.2',
26 silly addNameRange     '0.0.3',
26 silly addNameRange     '0.0.4',
26 silly addNameRange     '0.0.5',
26 silly addNameRange     '0.0.6',
26 silly addNameRange     '0.0.7',
26 silly addNameRange     '0.0.8',
26 silly addNameRange     '0.0.9',
26 silly addNameRange     '0.0.10',
26 silly addNameRange     '0.0.11',
26 silly addNameRange     '0.0.12',
26 silly addNameRange     '0.0.13',
26 silly addNameRange     '0.0.14',
26 silly addNameRange     '0.0.15',
26 silly addNameRange     '0.0.16',
26 silly addNameRange     '0.0.17',
26 silly addNameRange     '0.0.18',
26 silly addNameRange     '0.0.19',
26 silly addNameRange     '0.1.0',
26 silly addNameRange     '0.1.1',
26 silly addNameRange     '0.2.0',
26 silly addNameRange     '0.2.1',
26 silly addNameRange     '0.2.2',
26 silly addNameRange     '0.3.0',
26 silly addNameRange     '0.3.1',
26 silly addNameRange     '0.3.3',
26 silly addNameRange     '0.4.0',
26 silly addNameRange     '0.4.1',
26 silly addNameRange     '0.4.2',
26 silly addNameRange     '0.4.3',
26 silly addNameRange     '0.4.4',
26 silly addNameRange     '0.4.5',
26 silly addNameRange     '0.4.6',
26 silly addNameRange     '0.4.7',
26 silly addNameRange     '0.4.8',
26 silly addNameRange     '0.4.9',
26 silly addNameRange     '0.5.0',
26 silly addNameRange     '0.5.1',
26 silly addNameRange     '0.6.0',
26 silly addNameRange     '0.6.1',
26 silly addNameRange     '0.6.2',
26 silly addNameRange     '0.6.3',
26 silly addNameRange     '0.6.4',
26 silly addNameRange     '0.6.5',
26 silly addNameRange     '0.6.6',
26 silly addNameRange     '0.6.7',
26 silly addNameRange     '0.6.8',
26 silly addNameRange     '0.6.9',
26 silly addNameRange     '0.6.10',
26 silly addNameRange     '0.6.11',
26 silly addNameRange     '0.6.12',
26 silly addNameRange     '0.6.13',
26 silly addNameRange     '0.6.14',
26 silly addNameRange     '0.6.15',
26 silly addNameRange     '0.6.16',
26 silly addNameRange     '0.7.0',
26 silly addNameRange     '0.7.1',
26 silly addNameRange     '0.7.2',
26 silly addNameRange     '0.7.3',
26 silly addNameRange     '0.7.4',
26 silly addNameRange     '0.7.5',
26 silly addNameRange     '0.7.6',
26 silly addNameRange     '0.7.7',
26 silly addNameRange     '0.7.8',
26 silly addNameRange     '0.9.0',
26 silly addNameRange     '0.9.1',
26 silly addNameRange     '0.9.2',
26 silly addNameRange     '0.9.3' ] ]
27 verbose addNamed meteorite@0.9.3
28 silly addNamed semver.valid 0.9.3
29 silly addNamed semver.validRange 0.9.3
30 silly mapToRegistry name meteorite
31 silly mapToRegistry using default registry
32 silly mapToRegistry registry https://registry.npmjs.org/
33 silly mapToRegistry uri https://registry.npmjs.org/meteorite
34 verbose addRemoteTarball https://registry.npmjs.org/meteorite/-/meteorite-0.9.3.tgz not in flight; adding
35 verbose addRemoteTarball [ 'https://registry.npmjs.org/meteorite/-/meteorite-0.9.3.tgz',
35 verbose addRemoteTarball   '26dfe87ce9fca73d41057b908987c6e14942a346' ]
36 info retry fetch attempt 1 at 10:49:26 AM
37 info attempt registry request try #1 at 10:49:26 AM
38 http fetch GET https://registry.npmjs.org/meteorite/-/meteorite-0.9.3.tgz
39 http fetch 200 https://registry.npmjs.org/meteorite/-/meteorite-0.9.3.tgz
40 silly fetchAndShaCheck shasum 26dfe87ce9fca73d41057b908987c6e14942a346
41 verbose addTmpTarball /var/folders/p2/4bmk5f6514g31s9qxx8wj96w0000gn/T/npm-7146-3321e44b/registry.npmjs.org/meteorite/-/meteorite-0.9.3.tgz not in flight; adding
42 verbose addTmpTarball already have metadata; skipping unpack for meteorite@0.9.3
43 silly cache afterAdd meteorite@0.9.3
44 verbose afterAdd /Users/maryruthngo/.npm/meteorite/0.9.3/package/package.json not in flight; writing
45 verbose afterAdd /Users/maryruthngo/.npm/meteorite/0.9.3/package/package.json written
46 silly install resolved [ { name: 'meteorite',
46 silly install resolved     version: '0.9.3',
46 silly install resolved     homepage: 'http://oortcloud.github.com/meteorite',
46 silly install resolved     engines: [ 'node >=0.8.0' ],
46 silly install resolved     description: 'Installer & smart package manager for Meteor',
46 silly install resolved     author:
46 silly install resolved      { name: 'Tom Coleman',
46 silly install resolved        email: 'tom@percolatestudio.com',
46 silly install resolved        url: 'http://percolatestudio.com' },
46 silly install resolved     dependencies:
46 silly install resolved      { ddp: '>=0.3.1 <0.5.0',
46 silly install resolved        underscore: '1.3.3',
46 silly install resolved        wrench: '1.3.9',
46 silly install resolved        fstream: '>=0.1.18',
46 silly install resolved        optimist: '>=0.3.4',
46 silly install resolved        prompt: '0.2.11',
46 silly install resolved        colors: '0.6.0-1',
46 silly install resolved        async: '0.2.9',
46 silly install resolved        rolling_timeout_exec: '>=0.0.1' },
46 silly install resolved     devDependencies: { mocha: '>=1.2.2', connect: '>=2.3.6', which: '>=1.0.5' },
46 silly install resolved     scripts:
46 silly install resolved      { test: 'mocha spec/unit spec/acceptance -t 240000 -R spec',
46 silly install resolved        flushcache: 'rm -rf spec/support/cache',
46 silly install resolved        postinstall: 'sh ./completions/postinstall.sh' },
46 silly install resolved     repository:
46 silly install resolved      { type: 'git',
46 silly install resolved        url: 'https://github.com/oortcloud/meteorite.git' },
46 silly install resolved     bin: { mrt: './bin/mrt.js' },
46 silly install resolved     gitHead: '35e8d5ee9df33b749527c413b28a4fee73273eae',
46 silly install resolved     bugs: { url: 'https://github.com/oortcloud/meteorite/issues' },
46 silly install resolved     _id: 'meteorite@0.9.3',
46 silly install resolved     _shasum: '26dfe87ce9fca73d41057b908987c6e14942a346',
46 silly install resolved     _from: 'meteorite@*',
46 silly install resolved     _npmVersion: '2.1.6',
46 silly install resolved     _nodeVersion: '0.10.33',
46 silly install resolved     _npmUser: { name: 'tmeasday', email: 'tom@percolatestudio.com' },
46 silly install resolved     maintainers: [ [Object], [Object] ],
46 silly install resolved     dist:
46 silly install resolved      { shasum: '26dfe87ce9fca73d41057b908987c6e14942a346',
46 silly install resolved        tarball: 'http://registry.npmjs.org/meteorite/-/meteorite-0.9.3.tgz' },
46 silly install resolved     directories: {},
46 silly install resolved     _resolved: 'https://registry.npmjs.org/meteorite/-/meteorite-0.9.3.tgz' } ]
47 info install meteorite@0.9.3 into /usr/local/lib
48 info installOne meteorite@0.9.3
49 verbose installOne of meteorite to /usr/local/lib not in flight; installing
50 verbose lock using /Users/maryruthngo/.npm/_locks/meteorite-8fc49c16f8e081ba.lock for /usr/local/lib/node_modules/meteorite
51 silly install write writing meteorite 0.9.3 to /usr/local/lib/node_modules/meteorite
52 silly cache addNamed cb meteorite@0.9.3
53 verbose unbuild lib/node_modules/meteorite
54 verbose gentlyRm vacuuming /usr/local/lib/node_modules/meteorite
55 verbose tar unpack /Users/maryruthngo/.npm/meteorite/0.9.3/package.tgz
56 verbose tar unpacking to /usr/local/lib/node_modules/meteorite
57 verbose gentlyRm vacuuming /usr/local/lib/node_modules/meteorite
58 silly gunzTarPerm modes [ '755', '644' ]
59 error tar.unpack untar error /Users/maryruthngo/.npm/meteorite/0.9.3/package.tgz
60 verbose unlock done using /Users/maryruthngo/.npm/_locks/meteorite-8fc49c16f8e081ba.lock for /usr/local/lib/node_modules/meteorite
61 verbose fstream_path /usr/local/lib/node_modules/meteorite
62 verbose fstream_type Directory
63 verbose fstream_class DirWriter
64 verbose stack Error: EACCES, mkdir '/usr/local/lib/node_modules/meteorite'
64 verbose stack     at Error (native)
65 verbose fstream_stack /usr/local/lib/node_modules/npm/node_modules/fstream/lib/dir-writer.js:36:23
65 verbose fstream_stack /usr/local/lib/node_modules/npm/node_modules/mkdirp/index.js:46:53
65 verbose fstream_stack FSReqWrap.oncomplete (fs.js:99:15)
66 verbose cwd /Users/maryruthngo/Desktop/249GroupProject-MR-s-Branch/249GroupProject/database249
67 error Darwin 14.0.0
68 error argv "node" "/usr/local/bin/npm" "install" "-g" "meteorite"
69 error node v0.12.0
70 error npm  v2.5.1
71 error path /usr/local/lib/node_modules/meteorite
72 error code EACCES
73 error errno -13
74 error Error: EACCES, mkdir '/usr/local/lib/node_modules/meteorite'
74 error     at Error (native)
74 error  { [Error: EACCES, mkdir '/usr/local/lib/node_modules/meteorite']
74 error   errno: -13,
74 error   code: 'EACCES',
74 error   path: '/usr/local/lib/node_modules/meteorite',
74 error   fstream_type: 'Directory',
74 error   fstream_path: '/usr/local/lib/node_modules/meteorite',
74 error   fstream_class: 'DirWriter',
74 error   fstream_stack:
74 error    [ '/usr/local/lib/node_modules/npm/node_modules/fstream/lib/dir-writer.js:36:23',
74 error      '/usr/local/lib/node_modules/npm/node_modules/mkdirp/index.js:46:53',
74 error      'FSReqWrap.oncomplete (fs.js:99:15)' ] }
75 error Please try running this command again as root/Administrator.
76 verbose exit [ -13, true ]
77 verbose unbuild lib/node_modules/meteorite
78 verbose gentlyRm vacuuming /usr/local/lib/node_modules/meteorite
